{"D:\\project-demo\\jest-demo\\src\\input\\index.tsx": {"path":"D:\\project-demo\\jest-demo\\src\\input\\index.tsx","statementMap":{"0":{"start":{"line":1,"column":0},"end":{"line":1,"column":30}},"1":{"start":{"line":3,"column":0},"end":{"line":3,"column":28}},"2":{"start":{"line":11,"column":13},"end":{"line":33,"column":null}},"3":{"start":{"line":12,"column":4},"end":{"line":32,"column":null}},"4":{"start":{"line":35,"column":0},"end":{"line":37,"column":null}}},"fnMap":{"0":{"name":"(anonymous_2)","decl":{"start":{"line":11,"column":55},"end":{"line":11,"column":65}},"loc":{"start":{"line":11,"column":70},"end":{"line":33,"column":1}}},"1":{"name":"(anonymous_3)","decl":{"start":{"line":36,"column":12},"end":{"line":36,"column":17}},"loc":{"start":{"line":36,"column":12},"end":{"line":36,"column":18}}}},"branchMap":{"0":{"loc":{"start":{"line":14,"column":14},"end":{"line":14,"column":29}},"type":"binary-expr","locations":[{"start":{"line":14,"column":14},"end":{"line":14,"column":29}},{"start":{"line":15,"column":16},"end":{"line":21,"column":null}}]}},"s":{"0":1,"1":1,"2":1,"3":3,"4":1},"f":{"0":3,"1":0},"b":{"0":[3,1]}}
}
